Change Component Designator: Old Designator=BT_Fan New Designator=BT_Fan1
Change Component Designator: Old Designator=C4 New Designator=C7
Change Component Designator: Old Designator=C5 New Designator=C4
Change Component Designator: Old Designator=C6 New Designator=C5
Change Component Designator: Old Designator=C7 New Designator=C6
Change Component Designator: Old Designator=LED1 New Designator=LED2
Change Component Designator: Old Designator=LED2 New Designator=LED4
Change Component Designator: Old Designator=LED3 New Designator=LED6
Change Component Designator: Old Designator=LED4 New Designator=LED1
Change Component Designator: Old Designator=LED4 New Designator=LED7
Change Component Designator: Old Designator=LED5 New Designator=LED3
Change Component Designator: Old Designator=LED6 New Designator=LED5
Change Component Designator: Old Designator=R1 New Designator=R4
Change Component Designator: Old Designator=R2 New Designator=R1
Change Component Designator: Old Designator=R2 New Designator=R5
Change Component Designator: Old Designator=R3 New Designator=R2
Change Component Designator: Old Designator=R3 New Designator=R6
Change Component Designator: Old Designator=R4 New Designator=R3
Change Component Designator: Old Designator=R4 New Designator=R7
Change Component Designator: Old Designator=SW1 New Designator=SW2
Change Component Designator: Old Designator=SW2 New Designator=SW3
Change Component Designator: Old Designator=SW3 New Designator=SW4
Change Component Designator: Old Designator=SW4 New Designator=SW5
Change Component Designator: Old Designator=SW5 New Designator=SW6
Change Component Designator: Old Designator=SW6 New Designator=SW1
